commit d0761db4ccc9670eefcafb29cbc5746c9790cbbb             #Fusión del header con master.
Merge: a75266b 123eb04
Author: Tomás Villani <tomasvillanidepedro2022@gmail.com>
Date:   Wed Sep 25 12:38:28 2024 +0100

    Merge branch 'header' of github.com:tomasvillani/proyecto-web

commit 123eb048c52a5f4fdddb2d167eaa58aa45d22a27             #Modificación del header.
Author: Tomás Villani <tomasvillanidepedro2022@gmail.com>
Date:   Wed Sep 25 12:38:09 2024 +0100

    cambio header 4

commit a75266bb1d6ecf60ddbff4d3bab7bcfa658d9be6             #Fusión del header con master.
Merge: 9e8932d 2786f25
Author: Tomás Villani <tomasvillanidepedro2022@gmail.com>
Date:   Wed Sep 25 12:35:41 2024 +0100

    Merge branch 'header' of github.com:tomasvillani/proyecto-web

commit 2786f251e8997e4aa9efe08b816fbf1ed390635c             #Modificación del header.
Author: Tomás Villani <tomasvillanidepedro2022@gmail.com>
Date:   Wed Sep 25 12:34:29 2024 +0100

    cambio en header 3

commit 9e8932de3ca2f11340624a2557c5b2164710fcdb         #Modificación del enlace CSS en header.
Author: Tomás Villani <tomasvillanidepedro2022@gmail.com>
Date:   Wed Sep 25 12:26:26 2024 +0100

    cambio link css

commit b8f6a469e5d2d14957e58b68d07ef6d5d3a4a217             #Fusión del header con master.
Merge: a942087 fe40a8d
Author: Tomás Villani <tomasvillanidepedro2022@gmail.com>
Date:   Wed Sep 25 12:24:18 2024 +0100

    Merge branch 'master' of github.com:tomasvillani/proyecto-web

commit fe40a8d570b28da958a23a750d47985acbd70892     #Inserción del enlace CSS en la rama footer.
Author: JoséDavid <josezondaw@gmail.com>
Date:   Wed Sep 25 12:19:01 2024 +0100

    añado link css footer

commit 77f3dbb5a987e6db6f838932e1ca2b64737b8c25
Author: JoséDavid <josezondaw@gmail.com>
Date:   Wed Sep 25 12:17:44 2024 +0100

    añado seccion footer

commit 783e826b78c5ee286b603535bc51994bfc99827d         #Inserción del footer.
Author: JoséDavid <josezondaw@gmail.com>
Date:   Wed Sep 25 12:15:34 2024 +0100

    añado seccion footer

commit 87fb639fc2c995cb20e2d5f21d498d7fd4f0dfba         #Fusión del footer con el master.
Merge: c8d4bfd 1d544a3
Author: JoséDavid <josezondaw@gmail.com>
Date:   Wed Sep 25 12:11:17 2024 +0100

    Merge branch 'footer' of github.com:tomasvillani/proyecto-web into footer

commit c8d4bfdd2a0d2193c91681102825e55a03e0f359             #Inserción del CSS en el pie.
Author: JoséDavid <josezondaw@gmail.com>
Date:   Wed Sep 25 12:05:25 2024 +0100

    commit css footer

commit a942087cd77e3375e3a12e33b2e20ac9e2da0ad8             #Inserción del CSS en el encabezado.
Author: Tomás Villani <tomasvillanidepedro2022@gmail.com>
Date:   Wed Sep 25 12:05:12 2024 +0100

    commit css header

commit 1d544a31116a998e9a37ad5c30346f82d5cfa528             #Inserción del pie del HTML.
Author: JoseDavid-2daw <josezondaw@gmail.com>
Date:   Wed Sep 25 12:00:36 2024 +0100

    Añado seccion footer

commit bcb51809a7a347ee6654b364d602bcc10bd3937f             #Modificación encabezado HTML
Author: Tomás Villani <tomasvillanidepedro2022@gmail.com>
Date:   Wed Sep 25 11:59:29 2024 +0100

    Cambio encabezado 1

commit bbdbb779394bef388fb8be65fe2e97654e3dee27             #Inserción de la estructura HTML
Author: Tomás Villani <tomasvillanidepedro2022@gmail.com>
Date:   Wed Sep 25 11:54:49 2024 +0100

    Agregar estructura básica de index.html

commit 2a226fdce0526185bab261331b5e5fcde56a2a46             #Inserción del README
Author: Tomás Villani <tomasvillanidepedro2022@gmail.com>
Date:   Wed Sep 25 11:44:58 2024 +0100

    first commit
